[06/05/2025 01:22:30] Loaded account file
[06/05/2025 01:22:30] Loaded book file
[06/05/2025 01:22:30] Loaded borrow file
[06/05/2025 01:22:30] Loaded queue file
[06/05/2025 01:22:30] Loaded all data files
[06/05/2025 01:22:30] Loaded account file
[06/05/2025 01:22:43] User logged in: admin
[06/05/2025 01:22:46] Accessed book management
[06/05/2025 01:23:12] Loaded account file
[06/05/2025 01:23:12] Loaded book file
[06/05/2025 01:23:12] Loaded borrow file
[06/05/2025 01:23:12] Loaded queue file
[06/05/2025 01:23:12] Loaded all data files
[06/05/2025 01:23:12] Loaded account file
[06/05/2025 01:23:34] Loaded account file
[06/05/2025 01:23:34] Loaded book file
[06/05/2025 01:23:34] Loaded borrow file
[06/05/2025 01:23:34] Loaded queue file
[06/05/2025 01:23:34] Loaded all data files
[06/05/2025 01:23:34] Loaded account file
[06/05/2025 01:24:01] Loaded account file
[06/05/2025 01:24:01] Loaded book file
[06/05/2025 01:24:01] Loaded borrow file
[06/05/2025 01:24:01] Loaded queue file
[06/05/2025 01:24:01] Loaded all data files
[06/05/2025 01:24:01] Loaded account file
[06/05/2025 01:24:15] Loaded account file
[06/05/2025 01:24:15] Loaded book file
[06/05/2025 01:24:15] Loaded borrow file
[06/05/2025 01:24:15] Loaded queue file
[06/05/2025 01:24:15] Loaded all data files
[06/05/2025 01:24:15] Loaded account file
[06/05/2025 01:24:19] System exited
[06/05/2025 01:24:24] Loaded account file
[06/05/2025 01:24:24] Loaded book file
[06/05/2025 01:24:24] Loaded borrow file
[06/05/2025 01:24:24] Loaded queue file
[06/05/2025 01:24:24] Loaded all data files
[06/05/2025 01:24:24] Loaded account file
[06/05/2025 01:24:29] User logged in: admin
[06/05/2025 01:24:32] Accessed book management
[06/05/2025 01:24:39] Accessed book management
[06/05/2025 01:24:42] Accessed queue management
[06/05/2025 01:24:44] Viewed system logs
[06/05/2025 01:24:54] Accessed account management
[06/05/2025 01:24:59] Accessed queue management
[06/05/2025 01:25:45] Loaded account file
[06/05/2025 01:25:45] Loaded book file
[06/05/2025 01:25:45] Loaded borrow file
[06/05/2025 01:25:45] Loaded queue file
[06/05/2025 01:25:45] Loaded all data files
[06/05/2025 01:25:45] Loaded account file
[06/05/2025 01:25:48] User logged in: admin
[06/05/2025 01:25:54] Accessed queue management
[06/05/2025 02:07:26] Loaded account file
[06/05/2025 02:07:26] Loaded book file
[06/05/2025 02:07:26] Loaded borrow file
[06/05/2025 02:07:26] Loaded queue file
[06/05/2025 02:07:26] Loaded all data files
[06/05/2025 02:07:26] Loaded account file
[06/05/2025 02:07:30] User logged in: admin
[06/05/2025 02:08:21] Loaded account file
[06/05/2025 02:08:21] Loaded book file
[06/05/2025 02:08:21] Loaded borrow file
[06/05/2025 02:08:21] Loaded queue file
[06/05/2025 02:08:21] Loaded all data files
[06/05/2025 02:08:21] Loaded account file
[06/05/2025 02:08:23] User logged in: admin
[06/05/2025 02:08:24] Accessed book management
[06/05/2025 02:09:06] Loaded account file
[06/05/2025 02:09:06] Loaded book file
[06/05/2025 02:09:06] Loaded borrow file
[06/05/2025 02:09:06] Loaded queue file
[06/05/2025 02:09:06] Loaded all data files
[06/05/2025 02:09:06] Loaded account file
[06/05/2025 02:09:10] User logged in: admin
[06/05/2025 02:09:31] Accessed book management
[06/05/2025 02:10:16] Saved book file
[06/05/2025 02:10:16] Added new book: Harry Potter
[06/05/2025 02:22:57] Loaded account file
[06/05/2025 02:22:57] Loaded book file
[06/05/2025 02:22:57] Loaded borrow file
[06/05/2025 02:22:57] Loaded queue file
[06/05/2025 02:22:57] Loaded all data files
[06/05/2025 02:22:57] Loaded account file
[06/05/2025 02:23:00] User logged in: admin
[06/05/2025 02:23:02] Accessed queue management
[06/05/2025 02:23:11] Accessed account management
[06/05/2025 02:23:14] Viewed system logs
[06/05/2025 02:23:21] Admin logged out
[06/05/2025 02:23:22] System exited
[06/05/2025 02:30:42] Loaded account file
[06/05/2025 02:30:42] Loaded book file
[06/05/2025 02:30:42] Loaded borrow file
[06/05/2025 02:30:42] Loaded queue file
[06/05/2025 02:30:42] Loaded all data files
[06/05/2025 02:30:42] Loaded account file
[06/05/2025 02:30:46] User logged in: admin
[06/05/2025 02:30:48] Accessed book management
[06/05/2025 02:31:02] Saved book file
[06/05/2025 02:31:02] Edited book
[06/05/2025 02:32:53] Loaded account file
[06/05/2025 02:32:53] Loaded book file
[06/05/2025 02:32:53] Loaded borrow file
[06/05/2025 02:32:53] Loaded queue file
[06/05/2025 02:32:53] Loaded all data files
[06/05/2025 02:32:53] Loaded account file
[06/05/2025 02:32:57] User logged in: admin
[06/05/2025 02:32:59] Accessed book management
[06/05/2025 02:33:12] Saved book file
[06/05/2025 02:33:12] Edited book: Harry Potter (ISBN: 56372847)
[06/05/2025 02:37:46] Loaded account file
[06/05/2025 02:37:46] Loaded book file
[06/05/2025 02:37:46] Loaded borrow file
[06/05/2025 02:37:46] Loaded queue file
[06/05/2025 02:37:46] Loaded all data files
[06/05/2025 02:37:46] Loaded account file
[06/05/2025 02:37:55] User logged in: admin
[06/05/2025 02:37:56] Accessed book management
[06/05/2025 02:39:17] Loaded account file
[06/05/2025 02:39:17] Loaded book file
[06/05/2025 02:39:17] Loaded borrow file
[06/05/2025 02:39:17] Loaded queue file
[06/05/2025 02:39:17] Loaded all data files
[06/05/2025 02:39:17] Loaded account file
[06/05/2025 02:39:21] User logged in: admin
[06/05/2025 02:39:22] Accessed book management
[06/05/2025 14:43:38] Loaded account file
[06/05/2025 14:43:38] Loaded book file
[06/05/2025 14:43:38] Loaded borrow file
[06/05/2025 14:43:38] Loaded queue file
[06/05/2025 14:43:38] Loaded all data files
[06/05/2025 14:43:38] Loaded account file
[06/05/2025 14:43:51] User logged in: admin
[06/05/2025 14:43:53] Accessed book management
[06/05/2025 14:44:59] Saved book file
[06/05/2025 14:44:59] Saved book file
[06/05/2025 14:44:59] Sorted books
[06/05/2025 15:08:45] Loaded account file
[06/05/2025 15:08:45] Loaded book file
[06/05/2025 15:08:45] Loaded borrow file
[06/05/2025 15:08:45] Loaded queue file
[06/05/2025 15:08:45] Loaded all data files
[06/05/2025 15:08:45] Loaded account file
[06/05/2025 15:08:49] System exited
[06/05/2025 15:08:55] Loaded account file
[06/05/2025 15:08:55] Loaded book file
[06/05/2025 15:08:55] Loaded borrow file
[06/05/2025 15:08:55] Loaded queue file
[06/05/2025 15:08:55] Loaded all data files
[06/05/2025 15:08:55] Loaded account file
[06/05/2025 15:09:12] User logged in: admin
[06/05/2025 15:09:13] Accessed book management
[06/05/2025 15:09:19] Accessed queue management
[06/05/2025 15:09:31] Accessed account management
[06/05/2025 15:40:15] Loaded account file
[06/05/2025 15:40:15] Loaded book file
[06/05/2025 15:40:15] Loaded borrow file
[06/05/2025 15:40:15] Loaded queue file
[06/05/2025 15:40:15] Loaded all data files
[06/05/2025 15:40:15] Loaded account file
[06/05/2025 15:40:20] User logged in: admin
[06/05/2025 15:41:31] Accessed book management
[06/05/2025 15:49:40] Loaded account file
[06/05/2025 15:49:40] Loaded book file
[06/05/2025 15:49:40] Loaded borrow file
[06/05/2025 15:49:40] Loaded queue file
[06/05/2025 15:49:40] Loaded all data files
[06/05/2025 15:49:40] Loaded account file
[06/05/2025 15:49:41] Loaded account file
[06/05/2025 15:49:41] Loaded book file
[06/05/2025 15:49:41] Loaded borrow file
[06/05/2025 15:49:41] Loaded queue file
[06/05/2025 15:49:41] Loaded all data files
[06/05/2025 15:49:41] Loaded account file
[06/05/2025 15:50:03] User logged in: admin
[06/05/2025 15:50:24] Accessed book management
[06/05/2025 15:50:34] Loaded account file
[06/05/2025 15:50:34] Loaded book file
[06/05/2025 15:50:34] Loaded borrow file
[06/05/2025 15:50:34] Loaded queue file
[06/05/2025 15:50:34] Loaded all data files
[06/05/2025 15:50:34] Loaded account file
[06/05/2025 15:51:08] User logged in: admin
[06/05/2025 15:51:10] Accessed book management
[06/05/2025 15:52:03] Saved book file
[06/05/2025 15:52:03] Added new book: How to basic
[06/05/2025 15:52:27] Viewed system logs
[06/05/2025 15:53:15] Accessed book management
[06/05/2025 15:53:55] Admin logged out
[06/05/2025 15:54:03] Saved account file
[06/05/2025 15:54:03] Account created: 123456
[06/05/2025 15:54:06] User logged in: 123456
[06/05/2025 15:57:07] Loaded account file
[06/05/2025 15:57:07] Loaded book file
[06/05/2025 15:57:07] Loaded borrow file
[06/05/2025 15:57:07] Loaded queue file
[06/05/2025 15:57:07] Loaded all data files
[06/05/2025 15:57:07] Loaded account file
[06/05/2025 15:57:13] User logged in: 123456
[06/05/2025 15:57:43] User logged out
[06/05/2025 15:57:52] System exited
[06/05/2025 15:57:56] Loaded account file
[06/05/2025 15:57:56] Loaded book file
[06/05/2025 15:57:56] Loaded borrow file
[06/05/2025 15:57:56] Loaded queue file
[06/05/2025 15:57:56] Loaded all data files
[06/05/2025 15:57:56] Loaded account file
[06/05/2025 15:58:05] User logged in: 123456
[06/05/2025 15:58:49] Loaded account file
[06/05/2025 15:58:49] Loaded book file
[06/05/2025 15:58:49] Loaded borrow file
[06/05/2025 15:58:49] Loaded queue file
[06/05/2025 15:58:49] Loaded all data files
[06/05/2025 15:58:49] Loaded account file
[06/05/2025 15:58:53] User logged in: 123456
[06/05/2025 15:59:00] User borrowed books
[06/05/2025 15:59:51] User borrowed books
[06/05/2025 16:00:11] Loaded account file
[06/05/2025 16:00:11] Loaded book file
[06/05/2025 16:00:11] Loaded borrow file
[06/05/2025 16:00:11] Loaded queue file
[06/05/2025 16:00:11] Loaded all data files
[06/05/2025 16:00:11] Loaded account file
[06/05/2025 16:00:14] User logged in: 123456
[06/05/2025 16:00:19] User borrowed books
[06/05/2025 16:00:45] Saved book file
[06/05/2025 16:00:45] Saved borrow file
[06/05/2025 16:00:45] User 1 borrowed: How to basic
[06/05/2025 16:00:50] User returned books
[06/05/2025 16:01:29] User logged out
[06/05/2025 16:01:34] User logged in: admin
[06/05/2025 16:01:36] Viewed system logs
[06/05/2025 20:01:21] Saved account file
[06/05/2025 20:01:21] Created new account file with admin account
[06/05/2025 20:01:21] Book file not found
[06/05/2025 20:01:21] Error opening borrow file
[06/05/2025 20:01:21] Error opening queue file
[06/05/2025 20:01:21] Loaded all data files
[06/05/2025 20:01:21] Saved account file
[06/05/2025 20:01:21] Created new account file with admin account
[06/05/2025 20:01:24] System exited
[06/05/2025 20:01:27] Saved account file
[06/05/2025 20:01:27] Created new account file with admin account
[06/05/2025 20:01:27] Book file not found
[06/05/2025 20:01:27] Error opening borrow file
[06/05/2025 20:01:27] Error opening queue file
[06/05/2025 20:01:27] Loaded all data files
[06/05/2025 20:01:27] Saved account file
[06/05/2025 20:01:27] Created new account file with admin account
[06/05/2025 20:01:35] Failed login attempt for username: 123456
[06/05/2025 20:01:39] User logged in: admin
[06/05/2025 20:01:40] Accessed book management
[06/05/2025 20:01:45] Accessed queue management
[06/05/2025 20:01:46] Accessed book management
[06/05/2025 20:02:48] Saved account file
[06/05/2025 20:02:48] Created new account file with admin account
[06/05/2025 20:02:48] Book file not found
[06/05/2025 20:02:48] Error opening borrow file
[06/05/2025 20:02:48] Error opening queue file
[06/05/2025 20:02:48] Loaded all data files
[06/05/2025 20:02:48] Saved account file
[06/05/2025 20:02:48] Created new account file with admin account
[06/05/2025 20:02:52] User logged in: admin
[06/05/2025 20:02:55] Accessed account management
[06/05/2025 20:02:58] Accessed book management
[06/05/2025 20:03:02] Admin logged out
[06/05/2025 20:03:03] System exited
[06/05/2025 20:03:29] Saved account file
[06/05/2025 20:03:29] Created new account file with admin account
[06/05/2025 20:03:29] Book file not found
[06/05/2025 20:03:29] Error opening borrow file
[06/05/2025 20:03:29] Error opening queue file
[06/05/2025 20:03:29] Loaded all data files
[06/05/2025 20:03:29] Saved account file
[06/05/2025 20:03:29] Created new account file with admin account
[06/05/2025 20:03:32] Failed login attempt for username: admin
[06/05/2025 20:03:33] User logged in: admin
[06/05/2025 20:03:39] Accessed book management
[06/05/2025 20:05:52] Saved account file
[06/05/2025 20:05:52] Created new account file with admin account
[06/05/2025 20:05:52] Loaded book file
[06/05/2025 20:05:52] Error opening borrow file
[06/05/2025 20:05:52] Error opening queue file
[06/05/2025 20:05:52] Loaded all data files
[06/05/2025 20:05:52] Saved account file
[06/05/2025 20:05:52] Created new account file with admin account
[06/05/2025 20:05:56] User logged in: admin
[06/05/2025 20:05:57] Accessed book management
[06/05/2025 20:17:01] Saved account file
[06/05/2025 20:17:01] Created new account file with admin account
[06/05/2025 20:17:01] Loaded book file
[06/05/2025 20:17:01] Error opening borrow file
[06/05/2025 20:17:01] Error opening queue file
[06/05/2025 20:17:01] Loaded all data files
[06/05/2025 20:17:01] Saved account file
[06/05/2025 20:17:01] Created new account file with admin account
[06/05/2025 23:45:58] Saved account file
[06/05/2025 23:45:58] Created new account file with admin account
[06/05/2025 23:45:58] Loaded book file
[06/05/2025 23:45:58] Error opening borrow file
[06/05/2025 23:45:58] Error opening queue file
[06/05/2025 23:45:58] Loaded all data files
[06/05/2025 23:45:58] Saved account file
[06/05/2025 23:45:58] Created new account file with admin account
[06/05/2025 23:52:13] Saved account file
[06/05/2025 23:52:13] Created new account file with admin account
[06/05/2025 23:52:13] Loaded book file
[06/05/2025 23:52:13] Error opening borrow file
[06/05/2025 23:52:13] Error opening queue file
[06/05/2025 23:52:13] Loaded all data files
[06/05/2025 23:52:13] Saved account file
[06/05/2025 23:52:13] Created new account file with admin account
[06/05/2025 23:52:18] User logged in: admin
[06/05/2025 23:52:19] Accessed book management
[06/05/2025 23:52:22] Admin logged out
[06/05/2025 23:52:24] System exited
[06/05/2025 23:53:01] Saved account file
[06/05/2025 23:53:01] Created new account file with admin account
[06/05/2025 23:53:01] Loaded book file
[06/05/2025 23:53:01] Error opening borrow file
[06/05/2025 23:53:01] Error opening queue file
[06/05/2025 23:53:01] Loaded all data files
[06/05/2025 23:53:01] Saved account file
[06/05/2025 23:53:01] Created new account file with admin account
[06/05/2025 23:53:26] Loaded account file
[06/05/2025 23:53:26] Loaded book file
[06/05/2025 23:53:26] Loaded borrow file
[06/05/2025 23:53:26] Loaded queue file
[06/05/2025 23:53:26] Loaded all data files
[06/05/2025 23:53:26] Loaded account file
